  Building Custom Rule F:/Code/GL/MyGL/Sandbox/CMakeLists.txt
  main.cpp
F:\Code\GL\MyGL\Sandbox\src\main.cpp(139,46): warning C4244: “参数”: 从“double”转换到“type”，可能丢失数据
          with
          [
              type=float
          ]
F:\Code\GL\MyGL\Sandbox\src\main.cpp(139,35): warning C4244: “参数”: 从“double”转换到“type”，可能丢失数据
          with
          [
              type=float
          ]
F:\Code\GL\MyGL\Sandbox\src\main.cpp(138,43): warning C4244: “参数”: 从“double”转换到“type”，可能丢失数据
          with
          [
              type=float
          ]
F:\Code\GL\MyGL\Sandbox\src\main.cpp(138,35): warning C4244: “参数”: 从“double”转换到“type”，可能丢失数据
          with
          [
              type=float
          ]
F:\Code\GL\MyGL\Sandbox\src\main.cpp(144,47): warning C4244: “参数”: 从“double”转换到“type”，可能丢失数据
          with
          [
              type=float
          ]
F:\Code\GL\MyGL\Sandbox\src\main.cpp(144,29): warning C4244: “参数”: 从“double”转换到“type”，可能丢失数据
          with
          [
              type=float
          ]
F:\Code\GL\MyGL\Sandbox\src\main.cpp(142,46): warning C4244: “参数”: 从“double”转换到“type”，可能丢失数据
          with
          [
              type=float
          ]
F:\Code\GL\MyGL\Sandbox\src\main.cpp(142,32): warning C4244: “参数”: 从“double”转换到“type”，可能丢失数据
          with
          [
              type=float
          ]
F:\Code\GL\MyGL\Sandbox\src\main.cpp(148,43): warning C4244: “参数”: 从“double”转换到“type”，可能丢失数据
          with
          [
              type=float
          ]
F:\Code\GL\MyGL\Sandbox\src\main.cpp(148,32): warning C4244: “参数”: 从“double”转换到“type”，可能丢失数据
          with
          [
              type=float
          ]
F:\Code\GL\MyGL\Sandbox\src\main.cpp(147,40): warning C4244: “参数”: 从“double”转换到“type”，可能丢失数据
          with
          [
              type=float
          ]
F:\Code\GL\MyGL\Sandbox\src\main.cpp(147,32): warning C4244: “参数”: 从“double”转换到“type”，可能丢失数据
          with
          [
              type=float
          ]
F:\Code\GL\MyGL\Sandbox\src\main.cpp(203,32): warning C4244: “=”: 从“double”转换到“type”，可能丢失数据
          with
          [
              type=float
          ]
F:\Code\GL\MyGL\Sandbox\src\main.cpp(204,32): warning C4244: “=”: 从“double”转换到“type”，可能丢失数据
          with
          [
              type=float
          ]
F:\Code\GL\MyGL\Sandbox\src\main.cpp(219,27): warning C4244: “初始化”: 从“double”转换到“float”，可能丢失数据
F:\Code\GL\MyGL\Sandbox\src\main.cpp(220,27): warning C4244: “初始化”: 从“double”转换到“float”，可能丢失数据
F:\Code\GL\MyGL\Sandbox\src\main.cpp(239,32): warning C4244: “=”: 从“double”转换到“type”，可能丢失数据
          with
          [
              type=float
          ]
F:\Code\GL\MyGL\Sandbox\src\main.cpp(240,32): warning C4244: “=”: 从“double”转换到“type”，可能丢失数据
          with
          [
              type=float
          ]
  Sandbox.vcxproj -> F:\Code\GL\MyGL\build_win32\Sandbox\Debug\Sandbox.exe
