  Building Custom Rule F:/Code/GL/MyGL/MyGL/CMakeLists.txt
  VertexArray.cpp
  buffers.cpp
  pipeline.cpp
F:\Code\GL\MyGL\MyGL\src\MyGL\render\pipeline.cpp(56,57): warning C4244: “参数”: 从“float”转换到“unsigned char”，可能丢失数据
F:\Code\GL\MyGL\MyGL\src\MyGL\render\pipeline.cpp(56,26): warning C4244: “参数”: 从“float”转换到“unsigned char”，可能丢失数据
F:\Code\GL\MyGL\MyGL\src\MyGL\render\pipeline.cpp(55,57): warning C4244: “参数”: 从“float”转换到“unsigned char”，可能丢失数据
F:\Code\GL\MyGL\MyGL\src\MyGL\render\pipeline.cpp(55,26): warning C4244: “参数”: 从“float”转换到“unsigned char”，可能丢失数据
F:\Code\GL\MyGL\MyGL\src\MyGL\render\pipeline.cpp(54,61): warning C4244: “参数”: 从“type”转换到“int”，可能丢失数据
          with
          [
              type=float
          ]
F:\Code\GL\MyGL\MyGL\src\MyGL\render\pipeline.cpp(54,54): warning C4244: “参数”: 从“type”转换到“int”，可能丢失数据
          with
          [
              type=float
          ]
F:\Code\GL\MyGL\MyGL\src\MyGL\render\pipeline.cpp(104,56): warning C4244: “参数”: 从“float”转换到“unsigned char”，可能丢失数据
F:\Code\GL\MyGL\MyGL\src\MyGL\render\pipeline.cpp(104,26): warning C4244: “参数”: 从“float”转换到“unsigned char”，可能丢失数据
F:\Code\GL\MyGL\MyGL\src\MyGL\render\pipeline.cpp(103,56): warning C4244: “参数”: 从“float”转换到“unsigned char”，可能丢失数据
F:\Code\GL\MyGL\MyGL\src\MyGL\render\pipeline.cpp(103,26): warning C4244: “参数”: 从“float”转换到“unsigned char”，可能丢失数据
F:\Code\GL\MyGL\MyGL\src\MyGL\render\pipeline.cpp(102,61): warning C4244: “参数”: 从“type”转换到“int”，可能丢失数据
          with
          [
              type=float
          ]
F:\Code\GL\MyGL\MyGL\src\MyGL\render\pipeline.cpp(102,54): warning C4244: “参数”: 从“type”转换到“int”，可能丢失数据
          with
          [
              type=float
          ]
F:\Code\GL\MyGL\MyGL\src\MyGL\render\pipeline.cpp(134,57): warning C4244: “参数”: 从“float”转换到“unsigned char”，可能丢失数据
F:\Code\GL\MyGL\MyGL\src\MyGL\render\pipeline.cpp(134,26): warning C4244: “参数”: 从“float”转换到“unsigned char”，可能丢失数据
F:\Code\GL\MyGL\MyGL\src\MyGL\render\pipeline.cpp(133,57): warning C4244: “参数”: 从“float”转换到“unsigned char”，可能丢失数据
F:\Code\GL\MyGL\MyGL\src\MyGL\render\pipeline.cpp(133,26): warning C4244: “参数”: 从“float”转换到“unsigned char”，可能丢失数据
F:\Code\GL\MyGL\MyGL\src\MyGL\render\pipeline.cpp(132,73): warning C4244: “参数”: 从“type”转换到“int”，可能丢失数据
          with
          [
              type=float
          ]
F:\Code\GL\MyGL\MyGL\src\MyGL\render\pipeline.cpp(132,60): warning C4244: “参数”: 从“type”转换到“int”，可能丢失数据
          with
          [
              type=float
          ]
  rasterizer.cpp
F:\Code\GL\MyGL\MyGL\src\MyGL\render\rasterizer.cpp(32,16): warning C4244: “初始化”: 从“type”转换到“int”，可能丢失数据
          with
          [
              type=float
          ]
F:\Code\GL\MyGL\MyGL\src\MyGL\render\rasterizer.cpp(33,16): warning C4244: “初始化”: 从“type”转换到“int”，可能丢失数据
          with
          [
              type=float
          ]
F:\Code\GL\MyGL\MyGL\src\MyGL\render\rasterizer.cpp(41,42): warning C4244: “参数”: 从“type”转换到“type”，可能丢失数据
          with
          [
              type=float
          ]
          and
          [
              type=int
          ]
F:\Code\GL\MyGL\MyGL\src\MyGL\render\rasterizer.cpp(41,30): warning C4244: “参数”: 从“type”转换到“type”，可能丢失数据
          with
          [
              type=float
          ]
          and
          [
              type=int
          ]
F:\Code\GL\MyGL\MyGL\src\MyGL\render\rasterizer.cpp(115,112): warning C4244: “参数”: 从“type”转换到“type”，可能丢失数据
          with
          [
              type=int
          ]
          and
          [
              type=float
          ]
F:\Code\GL\MyGL\MyGL\src\MyGL\render\rasterizer.cpp(115,99): warning C4244: “参数”: 从“type”转换到“type”，可能丢失数据
          with
          [
              type=int
          ]
          and
          [
              type=float
          ]
F:\Code\GL\MyGL\MyGL\src\MyGL\render\rasterizer.cpp(127,22): warning C4244: “初始化”: 从“type”转换到“int”，可能丢失数据
          with
          [
              type=float
          ]
F:\Code\GL\MyGL\MyGL\src\MyGL\render\rasterizer.cpp(127,42): warning C4244: “初始化”: 从“type”转换到“int”，可能丢失数据
          with
          [
              type=float
          ]
F:\Code\GL\MyGL\MyGL\src\MyGL\render\rasterizer.cpp(127,59): warning C4244: “初始化”: 从“type”转换到“int”，可能丢失数据
          with
          [
              type=float
          ]
F:\Code\GL\MyGL\MyGL\src\MyGL\render\rasterizer.cpp(127,80): warning C4244: “初始化”: 从“type”转换到“int”，可能丢失数据
          with
          [
              type=float
          ]
F:\Code\GL\MyGL\MyGL\src\MyGL\render\rasterizer.cpp(128,46): warning C4244: “=”: 从“type”转换到“int”，可能丢失数据
          with
          [
              type=float
          ]
F:\Code\GL\MyGL\MyGL\src\MyGL\render\rasterizer.cpp(129,46): warning C4244: “=”: 从“type”转换到“int”，可能丢失数据
          with
          [
              type=float
          ]
F:\Code\GL\MyGL\MyGL\src\MyGL\render\rasterizer.cpp(130,48): warning C4244: “=”: 从“type”转换到“int”，可能丢失数据
          with
          [
              type=float
          ]
F:\Code\GL\MyGL\MyGL\src\MyGL\render\rasterizer.cpp(131,48): warning C4244: “=”: 从“type”转换到“int”，可能丢失数据
          with
          [
              type=float
          ]
F:\Code\GL\MyGL\MyGL\src\MyGL\render\rasterizer.cpp(132,50): warning C4244: “=”: 从“type”转换到“int”，可能丢失数据
          with
          [
              type=float
          ]
F:\Code\GL\MyGL\MyGL\src\MyGL\render\rasterizer.cpp(133,50): warning C4244: “=”: 从“type”转换到“int”，可能丢失数据
          with
          [
              type=float
          ]
F:\Code\GL\MyGL\MyGL\src\MyGL\render\rasterizer.cpp(134,42): warning C4244: “=”: 从“type”转换到“int”，可能丢失数据
          with
          [
              type=float
          ]
F:\Code\GL\MyGL\MyGL\src\MyGL\render\rasterizer.cpp(135,42): warning C4244: “=”: 从“type”转换到“int”，可能丢失数据
          with
          [
              type=float
          ]
F:\Code\GL\MyGL\MyGL\src\MyGL\render\rasterizer.cpp(145,38): warning C4244: “参数”: 从“int”转换到“type”，可能丢失数据
          with
          [
              type=float
          ]
F:\Code\GL\MyGL\MyGL\src\MyGL\render\rasterizer.cpp(145,35): warning C4244: “参数”: 从“int”转换到“type”，可能丢失数据
          with
          [
              type=float
          ]
F:\Code\GL\MyGL\MyGL\src\MyGL\render\rasterizer.cpp(146,38): warning C4244: “参数”: 从“int”转换到“type”，可能丢失数据
          with
          [
              type=float
          ]
F:\Code\GL\MyGL\MyGL\src\MyGL\render\rasterizer.cpp(146,35): warning C4244: “参数”: 从“int”转换到“type”，可能丢失数据
          with
          [
              type=float
          ]
F:\Code\GL\MyGL\MyGL\src\MyGL\render\rasterizer.cpp(147,38): warning C4244: “参数”: 从“int”转换到“type”，可能丢失数据
          with
          [
              type=float
          ]
F:\Code\GL\MyGL\MyGL\src\MyGL\render\rasterizer.cpp(147,35): warning C4244: “参数”: 从“int”转换到“type”，可能丢失数据
          with
          [
              type=float
          ]
F:\Code\GL\MyGL\MyGL\src\MyGL\render\rasterizer.cpp(215,101): warning C4244: “参数”: 从“int”转换到“type”，可能丢失数据
          with
          [
              type=float
          ]
F:\Code\GL\MyGL\MyGL\src\MyGL\render\rasterizer.cpp(215,98): warning C4244: “参数”: 从“int”转换到“type”，可能丢失数据
          with
          [
              type=float
          ]
  renderer.cpp
F:\Code\GL\MyGL\MyGL\src\MyGL\render\renderer.cpp(26,167): warning C4244: “参数”: 从“float”转换到“unsigned char”，可能丢失数据
F:\Code\GL\MyGL\MyGL\src\MyGL\render\renderer.cpp(26,140): warning C4244: “参数”: 从“float”转换到“unsigned char”，可能丢失数据
F:\Code\GL\MyGL\MyGL\src\MyGL\render\renderer.cpp(26,113): warning C4244: “参数”: 从“float”转换到“unsigned char”，可能丢失数据
F:\Code\GL\MyGL\MyGL\src\MyGL\render\renderer.cpp(26,86): warning C4244: “参数”: 从“float”转换到“unsigned char”，可能丢失数据
F:\Code\GL\MyGL\MyGL\src\MyGL\render\renderer.cpp(52,58): warning C4244: “参数”: 从“int”转换到“type”，可能丢失数据
          with
          [
              type=float
          ]
F:\Code\GL\MyGL\MyGL\src\MyGL\render\renderer.cpp(52,37): warning C4244: “参数”: 从“int”转换到“type”，可能丢失数据
          with
          [
              type=float
          ]
F:\Code\GL\MyGL\MyGL\src\MyGL\render\renderer.cpp(53,60): warning C4244: “参数”: 从“int”转换到“type”，可能丢失数据
          with
          [
              type=float
          ]
F:\Code\GL\MyGL\MyGL\src\MyGL\render\renderer.cpp(53,41): warning C4244: “参数”: 从“int”转换到“type”，可能丢失数据
          with
          [
              type=float
          ]
F:\Code\GL\MyGL\MyGL\src\MyGL\render\renderer.cpp(123,68): warning C4267: “参数”: 从“size_t”转换到“int”，可能丢失数据
  shader.cpp
  texture2d.cpp
F:\Code\GL\MyGL\MyGL\src\MyGL\texture\texture2d.cpp(40,15): warning C4244: “初始化”: 从“type”转换到“int”，可能丢失数据
          with
          [
              type=float
          ]
F:\Code\GL\MyGL\MyGL\src\MyGL\texture\texture2d.cpp(41,15): warning C4244: “初始化”: 从“type”转换到“int”，可能丢失数据
          with
          [
              type=float
          ]
  textureCubeMap.cpp
  正在生成代码...
  MyGL.vcxproj -> F:\Code\GL\MyGL\build_win32\MyGL\Debug\MyGL.lib
